<?xml version="1.0" encoding="UTF-8"?>
<!-- Generated by org.testng.reporters.JUnitReportReporter -->
<testsuite hostname="LAPTOP-KM09S0GE" failures="0" tests="1" name="practice.DemoTng" time="0.015" errors="0" timestamp="2022-10-04T11:53:45 IST" skipped="0">
  <testcase classname="practice.DemoTng" name="add" time="0.015"/>
  <system-out/>
</testsuite> <!-- practice.DemoTng -->
